<?xml version="1.0" encoding="UTF-8" ?>
<testsuite failures="0" time="0.012" errors="0" skipped="0" tests="1" name="com.sportaneous.AppTest">
  <properties>
    <property name="java.runtime.name" value="Java(TM) SE Runtime Environment"/>
    <property name="sun.boot.library.path" value="/usr/lib/jvm/java-6-sun-1.6.0.26/jre/lib/amd64"/>
    <property name="java.vm.version" value="20.1-b02"/>
    <property name="java.vm.vendor" value="Sun Microsystems Inc."/>
    <property name="java.vendor.url" value="http://java.sun.com/"/>
    <property name="path.separator" value=":"/>
    <property name="java.vm.name" value="Java HotSpot(TM) 64-Bit Server VM"/>
    <property name="file.encoding.pkg" value="sun.io"/>
    <property name="user.country" value="US"/>
    <property name="sun.java.launcher" value="SUN_STANDARD"/>
    <property name="sun.os.patch.level" value="unknown"/>
    <property name="java.vm.specification.name" value="Java Virtual Machine Specification"/>
    <property name="user.dir" value="/home/reuben/Sportaneous/SportaneousModel/model"/>
    <property name="java.runtime.version" value="1.6.0_26-b03"/>
    <property name="java.awt.graphicsenv" value="sun.awt.X11GraphicsEnvironment"/>
    <property name="basedir" value="/home/reuben/Sportaneous/SportaneousModel/model"/>
    <property name="java.endorsed.dirs" value="/usr/lib/jvm/java-6-sun-1.6.0.26/jre/lib/endorsed"/>
    <property name="os.arch" value="amd64"/>
    <property name="surefire.real.class.path" value="/tmp/surefirebooter3226922854394409137.jar"/>
    <property name="java.io.tmpdir" value="/tmp"/>
    <property name="line.separator" value="
"/>
    <property name="java.vm.specification.vendor" value="Sun Microsystems Inc."/>
    <property name="os.name" value="Linux"/>
    <property name="sun.jnu.encoding" value="UTF-8"/>
    <property name="java.library.path" value="/usr/lib/jvm/java-6-sun-1.6.0.26/jre/lib/amd64/server:/usr/lib/jvm/java-6-sun-1.6.0.26/jre/lib/amd64:/usr/lib/jvm/java-6-sun-1.6.0.26/jre/../lib/amd64:/usr/java/packages/lib/amd64:/usr/lib64:/lib64:/lib:/usr/lib"/>
    <property name="surefire.test.class.path" value="/home/reuben/Sportaneous/SportaneousModel/model/target/test-classes:/home/reuben/Sportaneous/SportaneousModel/model/target/classes:/home/reuben/.m2/repository/org/hibernate/hibernate-c3p0/3.3.0.SP1/hibernate-c3p0-3.3.0.SP1.jar:/home/reuben/.m2/repository/org/hibernate/hibernate-core/3.3.0.SP1/hibernate-core-3.3.0.SP1.jar:/home/reuben/.m2/repository/antlr/antlr/2.7.6/antlr-2.7.6.jar:/home/reuben/.m2/repository/commons-collections/commons-collections/3.1/commons-collections-3.1.jar:/home/reuben/.m2/repository/dom4j/dom4j/1.6.1/dom4j-1.6.1.jar:/home/reuben/.m2/repository/xml-apis/xml-apis/1.0.b2/xml-apis-1.0.b2.jar:/home/reuben/.m2/repository/javax/transaction/jta/1.1/jta-1.1.jar:/home/reuben/.m2/repository/org/slf4j/slf4j-api/1.4.2/slf4j-api-1.4.2.jar:/home/reuben/.m2/repository/c3p0/c3p0/0.9.1/c3p0-0.9.1.jar:/home/reuben/.m2/repository/javax/persistence/persistence-api/1.0/persistence-api-1.0.jar:/home/reuben/.m2/repository/org/hibernate/hibernate-entitymanager/3.3.2.GA/hibernate-entitymanager-3.3.2.GA.jar:/home/reuben/.m2/repository/org/hibernate/hibernate/3.2.6.ga/hibernate-3.2.6.ga.jar:/home/reuben/.m2/repository/net/sf/ehcache/ehcache/1.2.3/ehcache-1.2.3.jar:/home/reuben/.m2/repository/commons-logging/commons-logging/1.0.4/commons-logging-1.0.4.jar:/home/reuben/.m2/repository/asm/asm-attrs/1.5.3/asm-attrs-1.5.3.jar:/home/reuben/.m2/repository/cglib/cglib/2.1_3/cglib-2.1_3.jar:/home/reuben/.m2/repository/asm/asm/1.5.3/asm-1.5.3.jar:/home/reuben/.m2/repository/org/hibernate/hibernate-annotations/3.3.1.GA/hibernate-annotations-3.3.1.GA.jar:/home/reuben/.m2/repository/org/hibernate/hibernate-commons-annotations/3.0.0.ga/hibernate-commons-annotations-3.0.0.ga.jar:/home/reuben/.m2/repository/org/hibernate/ejb3-persistence/1.0.1.GA/ejb3-persistence-1.0.1.GA.jar:/home/reuben/.m2/repository/javassist/javassist/3.4.GA/javassist-3.4.GA.jar:/home/reuben/.m2/repository/junit/junit/3.8.1/junit-3.8.1.jar:"/>
    <property name="java.specification.name" value="Java Platform API Specification"/>
    <property name="java.class.version" value="50.0"/>
    <property name="sun.management.compiler" value="HotSpot 64-Bit Tiered Compilers"/>
    <property name="os.version" value="2.6.38-10-generic"/>
    <property name="user.home" value="/home/reuben"/>
    <property name="user.timezone" value=""/>
    <property name="java.awt.printerjob" value="sun.print.PSPrinterJob"/>
    <property name="file.encoding" value="UTF-8"/>
    <property name="java.specification.version" value="1.6"/>
    <property name="user.name" value="reuben"/>
    <property name="java.class.path" value="/home/reuben/Sportaneous/SportaneousModel/model/target/test-classes:/home/reuben/Sportaneous/SportaneousModel/model/target/classes:/home/reuben/.m2/repository/org/hibernate/hibernate-c3p0/3.3.0.SP1/hibernate-c3p0-3.3.0.SP1.jar:/home/reuben/.m2/repository/org/hibernate/hibernate-core/3.3.0.SP1/hibernate-core-3.3.0.SP1.jar:/home/reuben/.m2/repository/antlr/antlr/2.7.6/antlr-2.7.6.jar:/home/reuben/.m2/repository/commons-collections/commons-collections/3.1/commons-collections-3.1.jar:/home/reuben/.m2/repository/dom4j/dom4j/1.6.1/dom4j-1.6.1.jar:/home/reuben/.m2/repository/xml-apis/xml-apis/1.0.b2/xml-apis-1.0.b2.jar:/home/reuben/.m2/repository/javax/transaction/jta/1.1/jta-1.1.jar:/home/reuben/.m2/repository/org/slf4j/slf4j-api/1.4.2/slf4j-api-1.4.2.jar:/home/reuben/.m2/repository/c3p0/c3p0/0.9.1/c3p0-0.9.1.jar:/home/reuben/.m2/repository/javax/persistence/persistence-api/1.0/persistence-api-1.0.jar:/home/reuben/.m2/repository/org/hibernate/hibernate-entitymanager/3.3.2.GA/hibernate-entitymanager-3.3.2.GA.jar:/home/reuben/.m2/repository/org/hibernate/hibernate/3.2.6.ga/hibernate-3.2.6.ga.jar:/home/reuben/.m2/repository/net/sf/ehcache/ehcache/1.2.3/ehcache-1.2.3.jar:/home/reuben/.m2/repository/commons-logging/commons-logging/1.0.4/commons-logging-1.0.4.jar:/home/reuben/.m2/repository/asm/asm-attrs/1.5.3/asm-attrs-1.5.3.jar:/home/reuben/.m2/repository/cglib/cglib/2.1_3/cglib-2.1_3.jar:/home/reuben/.m2/repository/asm/asm/1.5.3/asm-1.5.3.jar:/home/reuben/.m2/repository/org/hibernate/hibernate-annotations/3.3.1.GA/hibernate-annotations-3.3.1.GA.jar:/home/reuben/.m2/repository/org/hibernate/hibernate-commons-annotations/3.0.0.ga/hibernate-commons-annotations-3.0.0.ga.jar:/home/reuben/.m2/repository/org/hibernate/ejb3-persistence/1.0.1.GA/ejb3-persistence-1.0.1.GA.jar:/home/reuben/.m2/repository/javassist/javassist/3.4.GA/javassist-3.4.GA.jar:/home/reuben/.m2/repository/junit/junit/3.8.1/junit-3.8.1.jar:"/>
    <property name="java.vm.specification.version" value="1.0"/>
    <property name="sun.arch.data.model" value="64"/>
    <property name="java.home" value="/usr/lib/jvm/java-6-sun-1.6.0.26/jre"/>
    <property name="sun.java.command" value="/tmp/surefirebooter3226922854394409137.jar /tmp/surefire752578316141414795tmp /tmp/surefire582122853101731822tmp"/>
    <property name="java.specification.vendor" value="Sun Microsystems Inc."/>
    <property name="user.language" value="en"/>
    <property name="java.vm.info" value="mixed mode"/>
    <property name="java.version" value="1.6.0_26"/>
    <property name="java.ext.dirs" value="/usr/lib/jvm/java-6-sun-1.6.0.26/jre/lib/ext:/usr/java/packages/lib/ext"/>
    <property name="sun.boot.class.path" value="/usr/lib/jvm/java-6-sun-1.6.0.26/jre/lib/resources.jar:/usr/lib/jvm/java-6-sun-1.6.0.26/jre/lib/rt.jar:/usr/lib/jvm/java-6-sun-1.6.0.26/jre/lib/sunrsasign.jar:/usr/lib/jvm/java-6-sun-1.6.0.26/jre/lib/jsse.jar:/usr/lib/jvm/java-6-sun-1.6.0.26/jre/lib/jce.jar:/usr/lib/jvm/java-6-sun-1.6.0.26/jre/lib/charsets.jar:/usr/lib/jvm/java-6-sun-1.6.0.26/jre/lib/modules/jdk.boot.jar:/usr/lib/jvm/java-6-sun-1.6.0.26/jre/classes"/>
    <property name="java.vendor" value="Sun Microsystems Inc."/>
    <property name="localRepository" value="/home/reuben/.m2/repository"/>
    <property name="file.separator" value="/"/>
    <property name="java.vendor.url.bug" value="http://java.sun.com/cgi-bin/bugreport.cgi"/>
    <property name="sun.cpu.endian" value="little"/>
    <property name="sun.io.unicode.encoding" value="UnicodeLittle"/>
    <property name="sun.desktop" value="gnome"/>
    <property name="sun.cpu.isalist" value=""/>
  </properties>
  <testcase time="0.002" classname="com.sportaneous.AppTest" name="testApp"/>
</testsuite>